TimeQuest Timing Analyzer report for ula
Mon Aug 23 16:56:51 2021
Quartus II 64-Bit Version 13.0.1 Build 232 06/12/2013 Service Pack 1 SJ Web Edition


---------------------
; Table of Contents ;
---------------------
  1. Legal Notice
  2. TimeQuest Timing Analyzer Summary
  3. Parallel Compilation
  4. Clocks
  5. Slow Model Fmax Summary
  6. Slow Model Setup Summary
  7. Slow Model Hold Summary
  8. Slow Model Recovery Summary
  9. Slow Model Removal Summary
 10. Slow Model Minimum Pulse Width Summary
 11. Propagation Delay
 12. Minimum Propagation Delay
 13. Fast Model Setup Summary
 14. Fast Model Hold Summary
 15. Fast Model Recovery Summary
 16. Fast Model Removal Summary
 17. Fast Model Minimum Pulse Width Summary
 18. Propagation Delay
 19. Minimum Propagation Delay
 20. Multicorner Timing Analysis Summary
 21. Progagation Delay
 22. Minimum Progagation Delay
 23. Clock Transfers
 24. Report TCCS
 25. Report RSKM
 26. Unconstrained Paths
 27. TimeQuest Timing Analyzer Messages



----------------
; Legal Notice ;
----------------
Copyright (C) 1991-2013 Altera Corporation
Your use of Altera Corporation's design tools, logic functions 
and other software and tools, and its AMPP partner logic 
functions, and any output files from any of the foregoing 
(including device programming or simulation files), and any 
associated documentation or information are expressly subject 
to the terms and conditions of the Altera Program License 
Subscription Agreement, Altera MegaCore Function License 
Agreement, or other applicable license agreement, including, 
without limitation, that your use is for the sole purpose of 
programming logic devices manufactured by Altera and sold by 
Altera or its authorized distributors.  Please refer to the 
applicable agreement for further details.



+----------------------------------------------------------------------------------------+
; TimeQuest Timing Analyzer Summary                                                      ;
+--------------------+-------------------------------------------------------------------+
; Quartus II Version ; Version 13.0.1 Build 232 06/12/2013 Service Pack 1 SJ Web Edition ;
; Revision Name      ; ula                                                               ;
; Device Family      ; Cyclone II                                                        ;
; Device Name        ; EP2C35F672C6                                                      ;
; Timing Models      ; Final                                                             ;
; Delay Model        ; Combined                                                          ;
; Rise/Fall Delays   ; Unavailable                                                       ;
+--------------------+-------------------------------------------------------------------+


Parallel compilation was disabled, but you have multiple processors available. Enable parallel compilation to reduce compilation time.
+-------------------------------------+
; Parallel Compilation                ;
+----------------------------+--------+
; Processors                 ; Number ;
+----------------------------+--------+
; Number detected on machine ; 4      ;
; Maximum allowed            ; 1      ;
+----------------------------+--------+


----------
; Clocks ;
----------
No clocks to report.


---------------------------
; Slow Model Fmax Summary ;
---------------------------
No paths to report.


----------------------------
; Slow Model Setup Summary ;
----------------------------
No paths to report.


---------------------------
; Slow Model Hold Summary ;
---------------------------
No paths to report.


-------------------------------
; Slow Model Recovery Summary ;
-------------------------------
No paths to report.


------------------------------
; Slow Model Removal Summary ;
------------------------------
No paths to report.


------------------------------------------
; Slow Model Minimum Pulse Width Summary ;
------------------------------------------
No paths to report.


+---------------------------------------------------------------+
; Propagation Delay                                             ;
+------------+--------------+--------+--------+--------+--------+
; Input Port ; Output Port  ; RR     ; RF     ; FR     ; FF     ;
+------------+--------------+--------+--------+--------+--------+
; Dado1[0]   ; Resultado[0] ; 15.267 ; 15.267 ; 15.267 ; 15.267 ;
; Dado1[0]   ; Resultado[1] ; 18.986 ; 18.986 ; 18.986 ; 18.986 ;
; Dado1[0]   ; Resultado[2] ; 23.546 ; 23.546 ; 23.546 ; 23.546 ;
; Dado1[0]   ; Resultado[3] ; 27.773 ; 27.773 ; 27.773 ; 27.773 ;
; Dado1[0]   ; Resultado[4] ; 31.783 ; 31.783 ; 31.783 ; 31.783 ;
; Dado1[0]   ; Resultado[5] ; 35.978 ; 35.978 ; 35.978 ; 35.978 ;
; Dado1[0]   ; Resultado[6] ; 39.816 ; 39.816 ; 39.816 ; 39.816 ;
; Dado1[0]   ; Resultado[7] ; 44.071 ; 44.071 ; 44.071 ; 44.071 ;
; Dado1[0]   ; zero         ; 13.516 ; 13.451 ; 13.451 ; 13.516 ;
; Dado1[1]   ; Resultado[1] ; 14.546 ; 14.546 ; 14.546 ; 14.546 ;
; Dado1[1]   ; Resultado[2] ; 19.106 ; 19.106 ; 19.106 ; 19.106 ;
; Dado1[1]   ; Resultado[3] ; 23.333 ; 23.333 ; 23.333 ; 23.333 ;
; Dado1[1]   ; Resultado[4] ; 27.343 ; 27.343 ; 27.343 ; 27.343 ;
; Dado1[1]   ; Resultado[5] ; 31.538 ; 31.538 ; 31.538 ; 31.538 ;
; Dado1[1]   ; Resultado[6] ; 35.376 ; 35.376 ; 35.376 ; 35.376 ;
; Dado1[1]   ; Resultado[7] ; 39.631 ; 39.631 ; 39.631 ; 39.631 ;
; Dado1[1]   ; zero         ; 13.489 ; 13.424 ; 13.424 ; 13.489 ;
; Dado1[2]   ; Resultado[2] ; 14.037 ; 14.037 ; 14.037 ; 14.037 ;
; Dado1[2]   ; Resultado[3] ; 18.264 ; 18.264 ; 18.264 ; 18.264 ;
; Dado1[2]   ; Resultado[4] ; 22.274 ; 22.274 ; 22.274 ; 22.274 ;
; Dado1[2]   ; Resultado[5] ; 26.469 ; 26.469 ; 26.469 ; 26.469 ;
; Dado1[2]   ; Resultado[6] ; 30.307 ; 30.307 ; 30.307 ; 30.307 ;
; Dado1[2]   ; Resultado[7] ; 34.562 ; 34.562 ; 34.562 ; 34.562 ;
; Dado1[2]   ; zero         ; 13.227 ; 13.162 ; 13.162 ; 13.227 ;
; Dado1[3]   ; Resultado[3] ; 13.797 ; 13.797 ; 13.797 ; 13.797 ;
; Dado1[3]   ; Resultado[4] ; 17.807 ; 17.807 ; 17.807 ; 17.807 ;
; Dado1[3]   ; Resultado[5] ; 22.002 ; 22.002 ; 22.002 ; 22.002 ;
; Dado1[3]   ; Resultado[6] ; 25.840 ; 25.840 ; 25.840 ; 25.840 ;
; Dado1[3]   ; Resultado[7] ; 30.095 ; 30.095 ; 30.095 ; 30.095 ;
; Dado1[3]   ; zero         ; 12.680 ; 12.615 ; 12.615 ; 12.680 ;
; Dado1[4]   ; Resultado[4] ; 14.164 ; 14.164 ; 14.164 ; 14.164 ;
; Dado1[4]   ; Resultado[5] ; 18.359 ; 18.359 ; 18.359 ; 18.359 ;
; Dado1[4]   ; Resultado[6] ; 22.197 ; 22.197 ; 22.197 ; 22.197 ;
; Dado1[4]   ; Resultado[7] ; 26.452 ; 26.452 ; 26.452 ; 26.452 ;
; Dado1[4]   ; zero         ; 13.186 ; 13.121 ; 13.121 ; 13.186 ;
; Dado1[5]   ; Resultado[5] ; 15.137 ; 15.137 ; 15.137 ; 15.137 ;
; Dado1[5]   ; Resultado[6] ; 18.975 ; 18.975 ; 18.975 ; 18.975 ;
; Dado1[5]   ; Resultado[7] ; 23.230 ; 23.230 ; 23.230 ; 23.230 ;
; Dado1[5]   ; zero         ; 13.127 ; 13.062 ; 13.062 ; 13.127 ;
; Dado1[6]   ; Resultado[6] ; 14.847 ; 14.847 ; 14.847 ; 14.847 ;
; Dado1[6]   ; Resultado[7] ; 19.102 ; 19.102 ; 19.102 ; 19.102 ;
; Dado1[6]   ; zero         ; 13.445 ; 13.380 ; 13.380 ; 13.445 ;
; Dado1[7]   ; Resultado[7] ; 14.823 ; 14.823 ; 14.823 ; 14.823 ;
; Dado1[7]   ; zero         ; 13.026 ; 12.649 ; 12.649 ; 13.026 ;
; Dado2[0]   ; Resultado[0] ; 15.452 ; 15.452 ; 15.452 ; 15.452 ;
; Dado2[0]   ; Resultado[1] ; 19.171 ; 19.171 ; 19.171 ; 19.171 ;
; Dado2[0]   ; Resultado[2] ; 23.731 ; 23.731 ; 23.731 ; 23.731 ;
; Dado2[0]   ; Resultado[3] ; 27.958 ; 27.958 ; 27.958 ; 27.958 ;
; Dado2[0]   ; Resultado[4] ; 31.968 ; 31.968 ; 31.968 ; 31.968 ;
; Dado2[0]   ; Resultado[5] ; 36.163 ; 36.163 ; 36.163 ; 36.163 ;
; Dado2[0]   ; Resultado[6] ; 40.001 ; 40.001 ; 40.001 ; 40.001 ;
; Dado2[0]   ; Resultado[7] ; 44.256 ; 44.256 ; 44.256 ; 44.256 ;
; Dado2[0]   ; zero         ; 13.242 ; 13.307 ; 13.307 ; 13.242 ;
; Dado2[1]   ; Resultado[1] ; 14.224 ; 14.224 ; 14.224 ; 14.224 ;
; Dado2[1]   ; Resultado[2] ; 18.784 ; 18.784 ; 18.784 ; 18.784 ;
; Dado2[1]   ; Resultado[3] ; 23.011 ; 23.011 ; 23.011 ; 23.011 ;
; Dado2[1]   ; Resultado[4] ; 27.021 ; 27.021 ; 27.021 ; 27.021 ;
; Dado2[1]   ; Resultado[5] ; 31.216 ; 31.216 ; 31.216 ; 31.216 ;
; Dado2[1]   ; Resultado[6] ; 35.054 ; 35.054 ; 35.054 ; 35.054 ;
; Dado2[1]   ; Resultado[7] ; 39.309 ; 39.309 ; 39.309 ; 39.309 ;
; Dado2[1]   ; zero         ; 13.172 ; 13.237 ; 13.237 ; 13.172 ;
; Dado2[2]   ; Resultado[2] ; 14.625 ; 14.625 ; 14.625 ; 14.625 ;
; Dado2[2]   ; Resultado[3] ; 18.852 ; 18.852 ; 18.852 ; 18.852 ;
; Dado2[2]   ; Resultado[4] ; 22.862 ; 22.862 ; 22.862 ; 22.862 ;
; Dado2[2]   ; Resultado[5] ; 27.057 ; 27.057 ; 27.057 ; 27.057 ;
; Dado2[2]   ; Resultado[6] ; 30.895 ; 30.895 ; 30.895 ; 30.895 ;
; Dado2[2]   ; Resultado[7] ; 35.150 ; 35.150 ; 35.150 ; 35.150 ;
; Dado2[2]   ; zero         ; 12.816 ; 12.881 ; 12.881 ; 12.816 ;
; Dado2[3]   ; Resultado[3] ; 14.319 ; 14.319 ; 14.319 ; 14.319 ;
; Dado2[3]   ; Resultado[4] ; 18.329 ; 18.329 ; 18.329 ; 18.329 ;
; Dado2[3]   ; Resultado[5] ; 22.524 ; 22.524 ; 22.524 ; 22.524 ;
; Dado2[3]   ; Resultado[6] ; 26.362 ; 26.362 ; 26.362 ; 26.362 ;
; Dado2[3]   ; Resultado[7] ; 30.617 ; 30.617 ; 30.617 ; 30.617 ;
; Dado2[3]   ; zero         ; 13.261 ; 13.326 ; 13.326 ; 13.261 ;
; Dado2[4]   ; Resultado[4] ; 14.347 ; 14.347 ; 14.347 ; 14.347 ;
; Dado2[4]   ; Resultado[5] ; 18.542 ; 18.542 ; 18.542 ; 18.542 ;
; Dado2[4]   ; Resultado[6] ; 22.380 ; 22.380 ; 22.380 ; 22.380 ;
; Dado2[4]   ; Resultado[7] ; 26.635 ; 26.635 ; 26.635 ; 26.635 ;
; Dado2[4]   ; zero         ; 12.941 ; 13.006 ; 13.006 ; 12.941 ;
; Dado2[5]   ; Resultado[5] ; 15.194 ; 15.194 ; 15.194 ; 15.194 ;
; Dado2[5]   ; Resultado[6] ; 19.032 ; 19.032 ; 19.032 ; 19.032 ;
; Dado2[5]   ; Resultado[7] ; 23.287 ; 23.287 ; 23.287 ; 23.287 ;
; Dado2[5]   ; zero         ; 12.751 ; 12.816 ; 12.816 ; 12.751 ;
; Dado2[6]   ; Resultado[6] ; 14.576 ; 14.576 ; 14.576 ; 14.576 ;
; Dado2[6]   ; Resultado[7] ; 18.831 ; 18.831 ; 18.831 ; 18.831 ;
; Dado2[6]   ; zero         ; 12.788 ; 12.853 ; 12.853 ; 12.788 ;
; Dado2[7]   ; Resultado[7] ; 14.904 ; 14.904 ; 14.904 ; 14.904 ;
; Dado2[7]   ; zero         ; 12.374 ; 12.754 ; 12.754 ; 12.374 ;
; ULAOp[0]   ; Resultado[0] ; 9.367  ; 9.367  ; 9.367  ; 9.367  ;
; ULAOp[0]   ; Resultado[1] ; 13.086 ; 13.086 ; 13.086 ; 13.086 ;
; ULAOp[0]   ; Resultado[2] ; 17.646 ; 17.646 ; 17.646 ; 17.646 ;
; ULAOp[0]   ; Resultado[3] ; 21.873 ; 21.873 ; 21.873 ; 21.873 ;
; ULAOp[0]   ; Resultado[4] ; 25.883 ; 25.883 ; 25.883 ; 25.883 ;
; ULAOp[0]   ; Resultado[5] ; 30.078 ; 30.078 ; 30.078 ; 30.078 ;
; ULAOp[0]   ; Resultado[6] ; 33.916 ; 33.916 ; 33.916 ; 33.916 ;
; ULAOp[0]   ; Resultado[7] ; 38.171 ; 38.171 ; 38.171 ; 38.171 ;
; ULAOp[0]   ; zero         ; 8.603  ;        ;        ; 8.603  ;
; ULAOp[1]   ; Resultado[0] ; 12.800 ; 12.800 ; 12.800 ; 12.800 ;
; ULAOp[1]   ; Resultado[1] ; 16.519 ; 16.519 ; 16.519 ; 16.519 ;
; ULAOp[1]   ; Resultado[2] ; 21.079 ; 21.079 ; 21.079 ; 21.079 ;
; ULAOp[1]   ; Resultado[3] ; 25.306 ; 25.306 ; 25.306 ; 25.306 ;
; ULAOp[1]   ; Resultado[4] ; 29.316 ; 29.316 ; 29.316 ; 29.316 ;
; ULAOp[1]   ; Resultado[5] ; 33.511 ; 33.511 ; 33.511 ; 33.511 ;
; ULAOp[1]   ; Resultado[6] ; 37.349 ; 37.349 ; 37.349 ; 37.349 ;
; ULAOp[1]   ; Resultado[7] ; 41.604 ; 41.604 ; 41.604 ; 41.604 ;
; ULAOp[1]   ; zero         ;        ; 11.911 ; 11.911 ;        ;
; ULAOp[2]   ; Resultado[0] ; 9.230  ; 9.230  ; 9.230  ; 9.230  ;
; ULAOp[2]   ; Resultado[1] ; 12.949 ; 12.949 ; 12.949 ; 12.949 ;
; ULAOp[2]   ; Resultado[2] ; 17.509 ; 17.509 ; 17.509 ; 17.509 ;
; ULAOp[2]   ; Resultado[3] ; 21.736 ; 21.736 ; 21.736 ; 21.736 ;
; ULAOp[2]   ; Resultado[4] ; 25.746 ; 25.746 ; 25.746 ; 25.746 ;
; ULAOp[2]   ; Resultado[5] ; 29.941 ; 29.941 ; 29.941 ; 29.941 ;
; ULAOp[2]   ; Resultado[6] ; 33.779 ; 33.779 ; 33.779 ; 33.779 ;
; ULAOp[2]   ; Resultado[7] ; 38.034 ; 38.034 ; 38.034 ; 38.034 ;
; ULAOp[2]   ; zero         ; 8.595  ;        ;        ; 8.595  ;
+------------+--------------+--------+--------+--------+--------+


+---------------------------------------------------------------+
; Minimum Propagation Delay                                     ;
+------------+--------------+--------+--------+--------+--------+
; Input Port ; Output Port  ; RR     ; RF     ; FR     ; FF     ;
+------------+--------------+--------+--------+--------+--------+
; Dado1[0]   ; Resultado[0] ; 11.806 ; 11.806 ; 11.806 ; 11.806 ;
; Dado1[0]   ; Resultado[1] ; 12.243 ; 12.243 ; 12.243 ; 12.243 ;
; Dado1[0]   ; Resultado[2] ; 12.251 ; 12.251 ; 12.251 ; 12.251 ;
; Dado1[0]   ; Resultado[3] ; 12.185 ; 12.185 ; 12.185 ; 12.185 ;
; Dado1[0]   ; Resultado[4] ; 12.455 ; 12.455 ; 12.455 ; 12.455 ;
; Dado1[0]   ; Resultado[5] ; 13.255 ; 13.255 ; 13.255 ; 13.255 ;
; Dado1[0]   ; Resultado[6] ; 12.810 ; 12.810 ; 12.810 ; 12.810 ;
; Dado1[0]   ; Resultado[7] ; 12.970 ; 12.970 ; 12.970 ; 12.970 ;
; Dado1[0]   ; zero         ; 12.680 ; 12.680 ; 12.680 ; 12.680 ;
; Dado1[1]   ; Resultado[1] ; 12.018 ; 12.018 ; 12.018 ; 12.018 ;
; Dado1[1]   ; Resultado[2] ; 12.341 ; 12.341 ; 12.341 ; 12.341 ;
; Dado1[1]   ; Resultado[3] ; 12.275 ; 12.275 ; 12.275 ; 12.275 ;
; Dado1[1]   ; Resultado[4] ; 12.545 ; 12.545 ; 12.545 ; 12.545 ;
; Dado1[1]   ; Resultado[5] ; 13.345 ; 13.345 ; 13.345 ; 13.345 ;
; Dado1[1]   ; Resultado[6] ; 12.900 ; 12.900 ; 12.900 ; 12.900 ;
; Dado1[1]   ; Resultado[7] ; 13.060 ; 13.060 ; 13.060 ; 13.060 ;
; Dado1[1]   ; zero         ; 12.336 ; 12.336 ; 12.336 ; 12.336 ;
; Dado1[2]   ; Resultado[2] ; 11.533 ; 11.533 ; 11.533 ; 11.533 ;
; Dado1[2]   ; Resultado[3] ; 11.779 ; 11.779 ; 11.779 ; 11.779 ;
; Dado1[2]   ; Resultado[4] ; 12.049 ; 12.049 ; 12.049 ; 12.049 ;
; Dado1[2]   ; Resultado[5] ; 12.849 ; 12.849 ; 12.849 ; 12.849 ;
; Dado1[2]   ; Resultado[6] ; 12.404 ; 12.404 ; 12.404 ; 12.404 ;
; Dado1[2]   ; Resultado[7] ; 12.564 ; 12.564 ; 12.564 ; 12.564 ;
; Dado1[2]   ; zero         ; 12.102 ; 12.102 ; 12.102 ; 12.102 ;
; Dado1[3]   ; Resultado[3] ; 11.028 ; 11.028 ; 11.028 ; 11.028 ;
; Dado1[3]   ; Resultado[4] ; 11.614 ; 11.614 ; 11.614 ; 11.614 ;
; Dado1[3]   ; Resultado[5] ; 12.414 ; 12.414 ; 12.414 ; 12.414 ;
; Dado1[3]   ; Resultado[6] ; 11.969 ; 11.969 ; 11.969 ; 11.969 ;
; Dado1[3]   ; Resultado[7] ; 12.129 ; 12.129 ; 12.129 ; 12.129 ;
; Dado1[3]   ; zero         ; 11.638 ; 11.638 ; 11.638 ; 11.638 ;
; Dado1[4]   ; Resultado[4] ; 11.618 ; 11.618 ; 11.618 ; 11.618 ;
; Dado1[4]   ; Resultado[5] ; 12.733 ; 12.733 ; 12.733 ; 12.733 ;
; Dado1[4]   ; Resultado[6] ; 12.288 ; 12.288 ; 12.288 ; 12.288 ;
; Dado1[4]   ; Resultado[7] ; 12.448 ; 12.448 ; 12.448 ; 12.448 ;
; Dado1[4]   ; zero         ; 12.081 ; 12.081 ; 12.081 ; 12.081 ;
; Dado1[5]   ; Resultado[5] ; 12.496 ; 12.496 ; 12.496 ; 12.496 ;
; Dado1[5]   ; Resultado[6] ; 12.367 ; 12.367 ; 12.367 ; 12.367 ;
; Dado1[5]   ; Resultado[7] ; 12.527 ; 12.527 ; 12.527 ; 12.527 ;
; Dado1[5]   ; zero         ; 12.469 ; 12.469 ; 12.469 ; 12.469 ;
; Dado1[6]   ; Resultado[6] ; 12.453 ; 12.453 ; 12.453 ; 12.453 ;
; Dado1[6]   ; Resultado[7] ; 12.928 ; 12.928 ; 12.928 ; 12.928 ;
; Dado1[6]   ; zero         ; 12.729 ; 12.729 ; 12.729 ; 12.729 ;
; Dado1[7]   ; Resultado[7] ; 12.140 ; 12.140 ; 12.140 ; 12.140 ;
; Dado1[7]   ; zero         ; 12.649 ; 12.649 ; 12.649 ; 12.649 ;
; Dado2[0]   ; Resultado[0] ; 10.810 ; 11.600 ; 11.600 ; 10.810 ;
; Dado2[0]   ; Resultado[1] ; 12.035 ; 12.035 ; 12.035 ; 12.035 ;
; Dado2[0]   ; Resultado[2] ; 12.043 ; 12.043 ; 12.043 ; 12.043 ;
; Dado2[0]   ; Resultado[3] ; 11.977 ; 11.977 ; 11.977 ; 11.977 ;
; Dado2[0]   ; Resultado[4] ; 12.247 ; 12.247 ; 12.247 ; 12.247 ;
; Dado2[0]   ; Resultado[5] ; 13.047 ; 13.047 ; 13.047 ; 13.047 ;
; Dado2[0]   ; Resultado[6] ; 12.602 ; 12.602 ; 12.602 ; 12.602 ;
; Dado2[0]   ; Resultado[7] ; 12.762 ; 12.762 ; 12.762 ; 12.762 ;
; Dado2[0]   ; zero         ; 12.471 ; 12.471 ; 12.471 ; 12.471 ;
; Dado2[1]   ; Resultado[1] ; 10.901 ; 10.901 ; 10.901 ; 10.901 ;
; Dado2[1]   ; Resultado[2] ; 11.666 ; 11.666 ; 11.666 ; 11.666 ;
; Dado2[1]   ; Resultado[3] ; 11.600 ; 11.600 ; 11.600 ; 11.600 ;
; Dado2[1]   ; Resultado[4] ; 11.870 ; 11.870 ; 11.870 ; 11.870 ;
; Dado2[1]   ; Resultado[5] ; 12.670 ; 12.670 ; 12.670 ; 12.670 ;
; Dado2[1]   ; Resultado[6] ; 12.225 ; 12.225 ; 12.225 ; 12.225 ;
; Dado2[1]   ; Resultado[7] ; 12.385 ; 12.385 ; 12.385 ; 12.385 ;
; Dado2[1]   ; zero         ; 12.089 ; 12.089 ; 12.089 ; 12.089 ;
; Dado2[2]   ; Resultado[2] ; 10.837 ; 11.501 ; 11.501 ; 10.837 ;
; Dado2[2]   ; Resultado[3] ; 11.750 ; 11.750 ; 11.750 ; 11.750 ;
; Dado2[2]   ; Resultado[4] ; 12.020 ; 12.020 ; 12.020 ; 12.020 ;
; Dado2[2]   ; Resultado[5] ; 12.820 ; 12.820 ; 12.820 ; 12.820 ;
; Dado2[2]   ; Resultado[6] ; 12.375 ; 12.375 ; 12.375 ; 12.375 ;
; Dado2[2]   ; Resultado[7] ; 12.535 ; 12.535 ; 12.535 ; 12.535 ;
; Dado2[2]   ; zero         ; 11.757 ; 11.757 ; 11.757 ; 11.757 ;
; Dado2[3]   ; Resultado[3] ; 10.988 ; 10.988 ; 10.988 ; 10.988 ;
; Dado2[3]   ; Resultado[4] ; 12.018 ; 12.018 ; 12.018 ; 12.018 ;
; Dado2[3]   ; Resultado[5] ; 12.818 ; 12.818 ; 12.818 ; 12.818 ;
; Dado2[3]   ; Resultado[6] ; 12.373 ; 12.373 ; 12.373 ; 12.373 ;
; Dado2[3]   ; Resultado[7] ; 12.533 ; 12.533 ; 12.533 ; 12.533 ;
; Dado2[3]   ; zero         ; 12.281 ; 12.281 ; 12.281 ; 12.281 ;
; Dado2[4]   ; Resultado[4] ; 10.364 ; 11.620 ; 11.620 ; 10.364 ;
; Dado2[4]   ; Resultado[5] ; 12.732 ; 12.732 ; 12.732 ; 12.732 ;
; Dado2[4]   ; Resultado[6] ; 12.287 ; 12.287 ; 12.287 ; 12.287 ;
; Dado2[4]   ; Resultado[7] ; 12.447 ; 12.447 ; 12.447 ; 12.447 ;
; Dado2[4]   ; zero         ; 11.896 ; 11.896 ; 11.896 ; 11.896 ;
; Dado2[5]   ; Resultado[5] ; 11.709 ; 11.709 ; 11.709 ; 11.709 ;
; Dado2[5]   ; Resultado[6] ; 12.434 ; 12.434 ; 12.434 ; 12.434 ;
; Dado2[5]   ; Resultado[7] ; 12.594 ; 12.594 ; 12.594 ; 12.594 ;
; Dado2[5]   ; zero         ; 12.163 ; 12.163 ; 12.163 ; 12.163 ;
; Dado2[6]   ; Resultado[6] ; 10.869 ; 11.995 ; 11.995 ; 10.869 ;
; Dado2[6]   ; Resultado[7] ; 12.467 ; 12.467 ; 12.467 ; 12.467 ;
; Dado2[6]   ; zero         ; 12.132 ; 12.132 ; 12.132 ; 12.132 ;
; Dado2[7]   ; Resultado[7] ; 11.786 ; 11.786 ; 11.786 ; 11.786 ;
; Dado2[7]   ; zero         ; 12.374 ; 12.374 ; 12.374 ; 12.374 ;
; ULAOp[0]   ; Resultado[0] ; 8.701  ; 8.701  ; 8.701  ; 8.701  ;
; ULAOp[0]   ; Resultado[1] ; 9.010  ; 9.010  ; 9.010  ; 9.010  ;
; ULAOp[0]   ; Resultado[2] ; 8.281  ; 8.281  ; 8.281  ; 8.281  ;
; ULAOp[0]   ; Resultado[3] ; 8.676  ; 8.676  ; 8.676  ; 8.676  ;
; ULAOp[0]   ; Resultado[4] ; 7.773  ; 7.773  ; 7.773  ; 7.773  ;
; ULAOp[0]   ; Resultado[5] ; 8.896  ; 8.896  ; 8.896  ; 8.896  ;
; ULAOp[0]   ; Resultado[6] ; 7.707  ; 7.707  ; 7.707  ; 7.707  ;
; ULAOp[0]   ; Resultado[7] ; 8.788  ; 8.788  ; 8.788  ; 8.788  ;
; ULAOp[0]   ; zero         ; 8.603  ;        ;        ; 8.603  ;
; ULAOp[1]   ; Resultado[0] ; 12.800 ; 12.800 ; 12.800 ; 12.800 ;
; ULAOp[1]   ; Resultado[1] ; 11.906 ; 11.906 ; 11.906 ; 11.906 ;
; ULAOp[1]   ; Resultado[2] ; 12.466 ; 12.466 ; 12.466 ; 12.466 ;
; ULAOp[1]   ; Resultado[3] ; 11.888 ; 11.888 ; 11.888 ; 11.888 ;
; ULAOp[1]   ; Resultado[4] ; 11.964 ; 11.964 ; 11.964 ; 11.964 ;
; ULAOp[1]   ; Resultado[5] ; 11.989 ; 11.989 ; 11.989 ; 11.989 ;
; ULAOp[1]   ; Resultado[6] ; 12.137 ; 12.137 ; 12.137 ; 12.137 ;
; ULAOp[1]   ; Resultado[7] ; 11.696 ; 11.696 ; 11.696 ; 11.696 ;
; ULAOp[1]   ; zero         ;        ; 11.911 ; 11.911 ;        ;
; ULAOp[2]   ; Resultado[0] ; 8.564  ; 8.564  ; 8.564  ; 8.564  ;
; ULAOp[2]   ; Resultado[1] ; 8.320  ; 8.320  ; 8.320  ; 8.320  ;
; ULAOp[2]   ; Resultado[2] ; 8.144  ; 8.144  ; 8.144  ; 8.144  ;
; ULAOp[2]   ; Resultado[3] ; 8.302  ; 8.302  ; 8.302  ; 8.302  ;
; ULAOp[2]   ; Resultado[4] ; 7.636  ; 7.636  ; 7.636  ; 7.636  ;
; ULAOp[2]   ; Resultado[5] ; 8.403  ; 8.403  ; 8.403  ; 8.403  ;
; ULAOp[2]   ; Resultado[6] ; 7.570  ; 7.570  ; 7.570  ; 7.570  ;
; ULAOp[2]   ; Resultado[7] ; 8.110  ; 8.110  ; 8.110  ; 8.110  ;
; ULAOp[2]   ; zero         ; 8.595  ;        ;        ; 8.595  ;
+------------+--------------+--------+--------+--------+--------+


----------------------------
; Fast Model Setup Summary ;
----------------------------
No paths to report.


---------------------------
; Fast Model Hold Summary ;
---------------------------
No paths to report.


-------------------------------
; Fast Model Recovery Summary ;
-------------------------------
No paths to report.


------------------------------
; Fast Model Removal Summary ;
------------------------------
No paths to report.


------------------------------------------
; Fast Model Minimum Pulse Width Summary ;
------------------------------------------
No paths to report.


+---------------------------------------------------------------+
; Propagation Delay                                             ;
+------------+--------------+--------+--------+--------+--------+
; Input Port ; Output Port  ; RR     ; RF     ; FR     ; FF     ;
+------------+--------------+--------+--------+--------+--------+
; Dado1[0]   ; Resultado[0] ; 7.391  ; 7.391  ; 7.391  ; 7.391  ;
; Dado1[0]   ; Resultado[1] ; 8.461  ; 8.461  ; 8.461  ; 8.461  ;
; Dado1[0]   ; Resultado[2] ; 9.904  ; 9.904  ; 9.904  ; 9.904  ;
; Dado1[0]   ; Resultado[3] ; 11.185 ; 11.185 ; 11.185 ; 11.185 ;
; Dado1[0]   ; Resultado[4] ; 12.406 ; 12.406 ; 12.406 ; 12.406 ;
; Dado1[0]   ; Resultado[5] ; 13.716 ; 13.716 ; 13.716 ; 13.716 ;
; Dado1[0]   ; Resultado[6] ; 14.816 ; 14.816 ; 14.816 ; 14.816 ;
; Dado1[0]   ; Resultado[7] ; 16.143 ; 16.143 ; 16.143 ; 16.143 ;
; Dado1[0]   ; zero         ; 7.159  ; 7.144  ; 7.144  ; 7.159  ;
; Dado1[1]   ; Resultado[1] ; 7.012  ; 7.012  ; 7.012  ; 7.012  ;
; Dado1[1]   ; Resultado[2] ; 8.455  ; 8.455  ; 8.455  ; 8.455  ;
; Dado1[1]   ; Resultado[3] ; 9.736  ; 9.736  ; 9.736  ; 9.736  ;
; Dado1[1]   ; Resultado[4] ; 10.957 ; 10.957 ; 10.957 ; 10.957 ;
; Dado1[1]   ; Resultado[5] ; 12.267 ; 12.267 ; 12.267 ; 12.267 ;
; Dado1[1]   ; Resultado[6] ; 13.367 ; 13.367 ; 13.367 ; 13.367 ;
; Dado1[1]   ; Resultado[7] ; 14.694 ; 14.694 ; 14.694 ; 14.694 ;
; Dado1[1]   ; zero         ; 7.140  ; 7.125  ; 7.125  ; 7.140  ;
; Dado1[2]   ; Resultado[2] ; 6.828  ; 6.828  ; 6.828  ; 6.828  ;
; Dado1[2]   ; Resultado[3] ; 8.109  ; 8.109  ; 8.109  ; 8.109  ;
; Dado1[2]   ; Resultado[4] ; 9.330  ; 9.330  ; 9.330  ; 9.330  ;
; Dado1[2]   ; Resultado[5] ; 10.640 ; 10.640 ; 10.640 ; 10.640 ;
; Dado1[2]   ; Resultado[6] ; 11.740 ; 11.740 ; 11.740 ; 11.740 ;
; Dado1[2]   ; Resultado[7] ; 13.067 ; 13.067 ; 13.067 ; 13.067 ;
; Dado1[2]   ; zero         ; 7.036  ; 7.021  ; 7.021  ; 7.036  ;
; Dado1[3]   ; Resultado[3] ; 6.699  ; 6.699  ; 6.699  ; 6.699  ;
; Dado1[3]   ; Resultado[4] ; 7.920  ; 7.920  ; 7.920  ; 7.920  ;
; Dado1[3]   ; Resultado[5] ; 9.230  ; 9.230  ; 9.230  ; 9.230  ;
; Dado1[3]   ; Resultado[6] ; 10.330 ; 10.330 ; 10.330 ; 10.330 ;
; Dado1[3]   ; Resultado[7] ; 11.657 ; 11.657 ; 11.657 ; 11.657 ;
; Dado1[3]   ; zero         ; 6.786  ; 6.771  ; 6.771  ; 6.786  ;
; Dado1[4]   ; Resultado[4] ; 6.916  ; 6.916  ; 6.916  ; 6.916  ;
; Dado1[4]   ; Resultado[5] ; 8.226  ; 8.226  ; 8.226  ; 8.226  ;
; Dado1[4]   ; Resultado[6] ; 9.326  ; 9.326  ; 9.326  ; 9.326  ;
; Dado1[4]   ; Resultado[7] ; 10.653 ; 10.653 ; 10.653 ; 10.653 ;
; Dado1[4]   ; zero         ; 7.024  ; 7.009  ; 7.009  ; 7.024  ;
; Dado1[5]   ; Resultado[5] ; 7.331  ; 7.331  ; 7.331  ; 7.331  ;
; Dado1[5]   ; Resultado[6] ; 8.431  ; 8.431  ; 8.431  ; 8.431  ;
; Dado1[5]   ; Resultado[7] ; 9.758  ; 9.758  ; 9.758  ; 9.758  ;
; Dado1[5]   ; zero         ; 6.966  ; 6.951  ; 6.951  ; 6.966  ;
; Dado1[6]   ; Resultado[6] ; 7.187  ; 7.187  ; 7.187  ; 7.187  ;
; Dado1[6]   ; Resultado[7] ; 8.514  ; 8.514  ; 8.514  ; 8.514  ;
; Dado1[6]   ; zero         ; 7.126  ; 7.111  ; 7.111  ; 7.126  ;
; Dado1[7]   ; Resultado[7] ; 7.212  ; 7.212  ; 7.212  ; 7.212  ;
; Dado1[7]   ; zero         ; 6.947  ; 6.829  ; 6.829  ; 6.947  ;
; Dado2[0]   ; Resultado[0] ; 7.338  ; 7.338  ; 7.338  ; 7.338  ;
; Dado2[0]   ; Resultado[1] ; 8.408  ; 8.408  ; 8.408  ; 8.408  ;
; Dado2[0]   ; Resultado[2] ; 9.851  ; 9.851  ; 9.851  ; 9.851  ;
; Dado2[0]   ; Resultado[3] ; 11.132 ; 11.132 ; 11.132 ; 11.132 ;
; Dado2[0]   ; Resultado[4] ; 12.353 ; 12.353 ; 12.353 ; 12.353 ;
; Dado2[0]   ; Resultado[5] ; 13.663 ; 13.663 ; 13.663 ; 13.663 ;
; Dado2[0]   ; Resultado[6] ; 14.763 ; 14.763 ; 14.763 ; 14.763 ;
; Dado2[0]   ; Resultado[7] ; 16.090 ; 16.090 ; 16.090 ; 16.090 ;
; Dado2[0]   ; zero         ; 7.061  ; 7.076  ; 7.076  ; 7.061  ;
; Dado2[1]   ; Resultado[1] ; 6.733  ; 6.733  ; 6.733  ; 6.733  ;
; Dado2[1]   ; Resultado[2] ; 8.176  ; 8.176  ; 8.176  ; 8.176  ;
; Dado2[1]   ; Resultado[3] ; 9.457  ; 9.457  ; 9.457  ; 9.457  ;
; Dado2[1]   ; Resultado[4] ; 10.678 ; 10.678 ; 10.678 ; 10.678 ;
; Dado2[1]   ; Resultado[5] ; 11.988 ; 11.988 ; 11.988 ; 11.988 ;
; Dado2[1]   ; Resultado[6] ; 13.088 ; 13.088 ; 13.088 ; 13.088 ;
; Dado2[1]   ; Resultado[7] ; 14.415 ; 14.415 ; 14.415 ; 14.415 ;
; Dado2[1]   ; zero         ; 7.033  ; 7.048  ; 7.048  ; 7.033  ;
; Dado2[2]   ; Resultado[2] ; 6.907  ; 6.907  ; 6.907  ; 6.907  ;
; Dado2[2]   ; Resultado[3] ; 8.188  ; 8.188  ; 8.188  ; 8.188  ;
; Dado2[2]   ; Resultado[4] ; 9.409  ; 9.409  ; 9.409  ; 9.409  ;
; Dado2[2]   ; Resultado[5] ; 10.719 ; 10.719 ; 10.719 ; 10.719 ;
; Dado2[2]   ; Resultado[6] ; 11.819 ; 11.819 ; 11.819 ; 11.819 ;
; Dado2[2]   ; Resultado[7] ; 13.146 ; 13.146 ; 13.146 ; 13.146 ;
; Dado2[2]   ; zero         ; 6.848  ; 6.863  ; 6.863  ; 6.848  ;
; Dado2[3]   ; Resultado[3] ; 6.797  ; 6.797  ; 6.797  ; 6.797  ;
; Dado2[3]   ; Resultado[4] ; 8.018  ; 8.018  ; 8.018  ; 8.018  ;
; Dado2[3]   ; Resultado[5] ; 9.328  ; 9.328  ; 9.328  ; 9.328  ;
; Dado2[3]   ; Resultado[6] ; 10.428 ; 10.428 ; 10.428 ; 10.428 ;
; Dado2[3]   ; Resultado[7] ; 11.755 ; 11.755 ; 11.755 ; 11.755 ;
; Dado2[3]   ; zero         ; 7.073  ; 7.088  ; 7.088  ; 7.073  ;
; Dado2[4]   ; Resultado[4] ; 6.824  ; 6.824  ; 6.824  ; 6.824  ;
; Dado2[4]   ; Resultado[5] ; 8.134  ; 8.134  ; 8.134  ; 8.134  ;
; Dado2[4]   ; Resultado[6] ; 9.234  ; 9.234  ; 9.234  ; 9.234  ;
; Dado2[4]   ; Resultado[7] ; 10.561 ; 10.561 ; 10.561 ; 10.561 ;
; Dado2[4]   ; zero         ; 6.915  ; 6.930  ; 6.930  ; 6.915  ;
; Dado2[5]   ; Resultado[5] ; 7.177  ; 7.177  ; 7.177  ; 7.177  ;
; Dado2[5]   ; Resultado[6] ; 8.277  ; 8.277  ; 8.277  ; 8.277  ;
; Dado2[5]   ; Resultado[7] ; 9.604  ; 9.604  ; 9.604  ; 9.604  ;
; Dado2[5]   ; zero         ; 6.792  ; 6.807  ; 6.807  ; 6.792  ;
; Dado2[6]   ; Resultado[6] ; 6.903  ; 6.903  ; 6.903  ; 6.903  ;
; Dado2[6]   ; Resultado[7] ; 8.230  ; 8.230  ; 8.230  ; 8.230  ;
; Dado2[6]   ; zero         ; 6.828  ; 6.843  ; 6.843  ; 6.828  ;
; Dado2[7]   ; Resultado[7] ; 7.070  ; 7.070  ; 7.070  ; 7.070  ;
; Dado2[7]   ; zero         ; 6.670  ; 6.790  ; 6.790  ; 6.670  ;
; ULAOp[0]   ; Resultado[0] ; 4.725  ; 4.725  ; 4.725  ; 4.725  ;
; ULAOp[0]   ; Resultado[1] ; 5.795  ; 5.795  ; 5.795  ; 5.795  ;
; ULAOp[0]   ; Resultado[2] ; 7.238  ; 7.238  ; 7.238  ; 7.238  ;
; ULAOp[0]   ; Resultado[3] ; 8.519  ; 8.519  ; 8.519  ; 8.519  ;
; ULAOp[0]   ; Resultado[4] ; 9.740  ; 9.740  ; 9.740  ; 9.740  ;
; ULAOp[0]   ; Resultado[5] ; 11.050 ; 11.050 ; 11.050 ; 11.050 ;
; ULAOp[0]   ; Resultado[6] ; 12.150 ; 12.150 ; 12.150 ; 12.150 ;
; ULAOp[0]   ; Resultado[7] ; 13.477 ; 13.477 ; 13.477 ; 13.477 ;
; ULAOp[0]   ; zero         ; 4.404  ;        ;        ; 4.404  ;
; ULAOp[1]   ; Resultado[0] ; 6.869  ; 6.869  ; 6.869  ; 6.869  ;
; ULAOp[1]   ; Resultado[1] ; 7.939  ; 7.939  ; 7.939  ; 7.939  ;
; ULAOp[1]   ; Resultado[2] ; 9.382  ; 9.382  ; 9.382  ; 9.382  ;
; ULAOp[1]   ; Resultado[3] ; 10.663 ; 10.663 ; 10.663 ; 10.663 ;
; ULAOp[1]   ; Resultado[4] ; 11.884 ; 11.884 ; 11.884 ; 11.884 ;
; ULAOp[1]   ; Resultado[5] ; 13.194 ; 13.194 ; 13.194 ; 13.194 ;
; ULAOp[1]   ; Resultado[6] ; 14.294 ; 14.294 ; 14.294 ; 14.294 ;
; ULAOp[1]   ; Resultado[7] ; 15.621 ; 15.621 ; 15.621 ; 15.621 ;
; ULAOp[1]   ; zero         ;        ; 6.480  ; 6.480  ;        ;
; ULAOp[2]   ; Resultado[0] ; 4.694  ; 4.694  ; 4.694  ; 4.694  ;
; ULAOp[2]   ; Resultado[1] ; 5.764  ; 5.764  ; 5.764  ; 5.764  ;
; ULAOp[2]   ; Resultado[2] ; 7.207  ; 7.207  ; 7.207  ; 7.207  ;
; ULAOp[2]   ; Resultado[3] ; 8.488  ; 8.488  ; 8.488  ; 8.488  ;
; ULAOp[2]   ; Resultado[4] ; 9.709  ; 9.709  ; 9.709  ; 9.709  ;
; ULAOp[2]   ; Resultado[5] ; 11.019 ; 11.019 ; 11.019 ; 11.019 ;
; ULAOp[2]   ; Resultado[6] ; 12.119 ; 12.119 ; 12.119 ; 12.119 ;
; ULAOp[2]   ; Resultado[7] ; 13.446 ; 13.446 ; 13.446 ; 13.446 ;
; ULAOp[2]   ; zero         ; 4.435  ;        ;        ; 4.435  ;
+------------+--------------+--------+--------+--------+--------+


+-----------------------------------------------------------+
; Minimum Propagation Delay                                 ;
+------------+--------------+-------+-------+-------+-------+
; Input Port ; Output Port  ; RR    ; RF    ; FR    ; FF    ;
+------------+--------------+-------+-------+-------+-------+
; Dado1[0]   ; Resultado[0] ; 6.380 ; 6.380 ; 6.380 ; 6.380 ;
; Dado1[0]   ; Resultado[1] ; 6.537 ; 6.537 ; 6.537 ; 6.537 ;
; Dado1[0]   ; Resultado[2] ; 6.549 ; 6.549 ; 6.549 ; 6.549 ;
; Dado1[0]   ; Resultado[3] ; 6.498 ; 6.498 ; 6.498 ; 6.498 ;
; Dado1[0]   ; Resultado[4] ; 6.653 ; 6.653 ; 6.653 ; 6.653 ;
; Dado1[0]   ; Resultado[5] ; 7.026 ; 7.026 ; 7.026 ; 7.026 ;
; Dado1[0]   ; Resultado[6] ; 6.804 ; 6.804 ; 6.804 ; 6.804 ;
; Dado1[0]   ; Resultado[7] ; 6.900 ; 6.900 ; 6.900 ; 6.900 ;
; Dado1[0]   ; zero         ; 6.745 ; 6.745 ; 6.745 ; 6.745 ;
; Dado1[1]   ; Resultado[1] ; 6.461 ; 6.461 ; 6.461 ; 6.461 ;
; Dado1[1]   ; Resultado[2] ; 6.578 ; 6.578 ; 6.578 ; 6.578 ;
; Dado1[1]   ; Resultado[3] ; 6.527 ; 6.527 ; 6.527 ; 6.527 ;
; Dado1[1]   ; Resultado[4] ; 6.682 ; 6.682 ; 6.682 ; 6.682 ;
; Dado1[1]   ; Resultado[5] ; 7.055 ; 7.055 ; 7.055 ; 7.055 ;
; Dado1[1]   ; Resultado[6] ; 6.833 ; 6.833 ; 6.833 ; 6.833 ;
; Dado1[1]   ; Resultado[7] ; 6.929 ; 6.929 ; 6.929 ; 6.929 ;
; Dado1[1]   ; zero         ; 6.621 ; 6.621 ; 6.621 ; 6.621 ;
; Dado1[2]   ; Resultado[2] ; 6.268 ; 6.268 ; 6.268 ; 6.268 ;
; Dado1[2]   ; Resultado[3] ; 6.320 ; 6.320 ; 6.320 ; 6.320 ;
; Dado1[2]   ; Resultado[4] ; 6.475 ; 6.475 ; 6.475 ; 6.475 ;
; Dado1[2]   ; Resultado[5] ; 6.848 ; 6.848 ; 6.848 ; 6.848 ;
; Dado1[2]   ; Resultado[6] ; 6.626 ; 6.626 ; 6.626 ; 6.626 ;
; Dado1[2]   ; Resultado[7] ; 6.722 ; 6.722 ; 6.722 ; 6.722 ;
; Dado1[2]   ; zero         ; 6.544 ; 6.544 ; 6.544 ; 6.544 ;
; Dado1[3]   ; Resultado[3] ; 6.026 ; 6.026 ; 6.026 ; 6.026 ;
; Dado1[3]   ; Resultado[4] ; 6.284 ; 6.284 ; 6.284 ; 6.284 ;
; Dado1[3]   ; Resultado[5] ; 6.657 ; 6.657 ; 6.657 ; 6.657 ;
; Dado1[3]   ; Resultado[6] ; 6.435 ; 6.435 ; 6.435 ; 6.435 ;
; Dado1[3]   ; Resultado[7] ; 6.531 ; 6.531 ; 6.531 ; 6.531 ;
; Dado1[3]   ; zero         ; 6.324 ; 6.324 ; 6.324 ; 6.324 ;
; Dado1[4]   ; Resultado[4] ; 6.334 ; 6.334 ; 6.334 ; 6.334 ;
; Dado1[4]   ; Resultado[5] ; 6.812 ; 6.812 ; 6.812 ; 6.812 ;
; Dado1[4]   ; Resultado[6] ; 6.590 ; 6.590 ; 6.590 ; 6.590 ;
; Dado1[4]   ; Resultado[7] ; 6.686 ; 6.686 ; 6.686 ; 6.686 ;
; Dado1[4]   ; zero         ; 6.544 ; 6.544 ; 6.544 ; 6.544 ;
; Dado1[5]   ; Resultado[5] ; 6.712 ; 6.712 ; 6.712 ; 6.712 ;
; Dado1[5]   ; Resultado[6] ; 6.593 ; 6.593 ; 6.593 ; 6.593 ;
; Dado1[5]   ; Resultado[7] ; 6.689 ; 6.689 ; 6.689 ; 6.689 ;
; Dado1[5]   ; zero         ; 6.694 ; 6.694 ; 6.694 ; 6.694 ;
; Dado1[6]   ; Resultado[6] ; 6.678 ; 6.678 ; 6.678 ; 6.678 ;
; Dado1[6]   ; Resultado[7] ; 6.879 ; 6.879 ; 6.879 ; 6.879 ;
; Dado1[6]   ; zero         ; 6.836 ; 6.836 ; 6.836 ; 6.836 ;
; Dado1[7]   ; Resultado[7] ; 6.589 ; 6.589 ; 6.589 ; 6.589 ;
; Dado1[7]   ; zero         ; 6.829 ; 6.829 ; 6.829 ; 6.829 ;
; Dado2[0]   ; Resultado[0] ; 5.973 ; 6.302 ; 6.302 ; 5.973 ;
; Dado2[0]   ; Resultado[1] ; 6.455 ; 6.455 ; 6.455 ; 6.455 ;
; Dado2[0]   ; Resultado[2] ; 6.467 ; 6.467 ; 6.467 ; 6.467 ;
; Dado2[0]   ; Resultado[3] ; 6.416 ; 6.416 ; 6.416 ; 6.416 ;
; Dado2[0]   ; Resultado[4] ; 6.571 ; 6.571 ; 6.571 ; 6.571 ;
; Dado2[0]   ; Resultado[5] ; 6.725 ; 6.725 ; 6.725 ; 6.725 ;
; Dado2[0]   ; Resultado[6] ; 6.722 ; 6.722 ; 6.722 ; 6.722 ;
; Dado2[0]   ; Resultado[7] ; 6.719 ; 6.719 ; 6.719 ; 6.719 ;
; Dado2[0]   ; zero         ; 6.662 ; 6.662 ; 6.662 ; 6.662 ;
; Dado2[1]   ; Resultado[1] ; 5.981 ; 5.981 ; 5.981 ; 5.981 ;
; Dado2[1]   ; Resultado[2] ; 6.289 ; 6.289 ; 6.289 ; 6.289 ;
; Dado2[1]   ; Resultado[3] ; 6.238 ; 6.238 ; 6.238 ; 6.238 ;
; Dado2[1]   ; Resultado[4] ; 6.393 ; 6.393 ; 6.393 ; 6.393 ;
; Dado2[1]   ; Resultado[5] ; 6.627 ; 6.627 ; 6.627 ; 6.627 ;
; Dado2[1]   ; Resultado[6] ; 6.544 ; 6.544 ; 6.544 ; 6.544 ;
; Dado2[1]   ; Resultado[7] ; 6.621 ; 6.621 ; 6.621 ; 6.621 ;
; Dado2[1]   ; zero         ; 6.531 ; 6.531 ; 6.531 ; 6.531 ;
; Dado2[2]   ; Resultado[2] ; 5.951 ; 6.230 ; 6.230 ; 5.951 ;
; Dado2[2]   ; Resultado[3] ; 6.284 ; 6.284 ; 6.284 ; 6.284 ;
; Dado2[2]   ; Resultado[4] ; 6.439 ; 6.439 ; 6.439 ; 6.439 ;
; Dado2[2]   ; Resultado[5] ; 6.688 ; 6.688 ; 6.688 ; 6.688 ;
; Dado2[2]   ; Resultado[6] ; 6.590 ; 6.590 ; 6.590 ; 6.590 ;
; Dado2[2]   ; Resultado[7] ; 6.682 ; 6.682 ; 6.682 ; 6.682 ;
; Dado2[2]   ; zero         ; 6.372 ; 6.372 ; 6.372 ; 6.372 ;
; Dado2[3]   ; Resultado[3] ; 6.043 ; 6.043 ; 6.043 ; 6.043 ;
; Dado2[3]   ; Resultado[4] ; 6.488 ; 6.488 ; 6.488 ; 6.488 ;
; Dado2[3]   ; Resultado[5] ; 6.789 ; 6.789 ; 6.789 ; 6.789 ;
; Dado2[3]   ; Resultado[6] ; 6.639 ; 6.639 ; 6.639 ; 6.639 ;
; Dado2[3]   ; Resultado[7] ; 6.735 ; 6.735 ; 6.735 ; 6.735 ;
; Dado2[3]   ; zero         ; 6.624 ; 6.624 ; 6.624 ; 6.624 ;
; Dado2[4]   ; Resultado[4] ; 5.786 ; 6.326 ; 6.326 ; 5.786 ;
; Dado2[4]   ; Resultado[5] ; 6.776 ; 6.776 ; 6.776 ; 6.776 ;
; Dado2[4]   ; Resultado[6] ; 6.580 ; 6.580 ; 6.580 ; 6.580 ;
; Dado2[4]   ; Resultado[7] ; 6.676 ; 6.676 ; 6.676 ; 6.676 ;
; Dado2[4]   ; zero         ; 6.448 ; 6.448 ; 6.448 ; 6.448 ;
; Dado2[5]   ; Resultado[5] ; 6.344 ; 6.344 ; 6.344 ; 6.344 ;
; Dado2[5]   ; Resultado[6] ; 6.601 ; 6.601 ; 6.601 ; 6.601 ;
; Dado2[5]   ; Resultado[7] ; 6.662 ; 6.662 ; 6.662 ; 6.662 ;
; Dado2[5]   ; zero         ; 6.537 ; 6.537 ; 6.537 ; 6.537 ;
; Dado2[6]   ; Resultado[6] ; 5.975 ; 6.458 ; 6.458 ; 5.975 ;
; Dado2[6]   ; Resultado[7] ; 6.657 ; 6.657 ; 6.657 ; 6.657 ;
; Dado2[6]   ; zero         ; 6.551 ; 6.551 ; 6.551 ; 6.551 ;
; Dado2[7]   ; Resultado[7] ; 6.393 ; 6.393 ; 6.393 ; 6.393 ;
; Dado2[7]   ; zero         ; 6.670 ; 6.670 ; 6.670 ; 6.670 ;
; ULAOp[0]   ; Resultado[0] ; 4.442 ; 4.442 ; 4.442 ; 4.442 ;
; ULAOp[0]   ; Resultado[1] ; 4.537 ; 4.537 ; 4.537 ; 4.537 ;
; ULAOp[0]   ; Resultado[2] ; 4.230 ; 4.230 ; 4.230 ; 4.230 ;
; ULAOp[0]   ; Resultado[3] ; 4.376 ; 4.376 ; 4.376 ; 4.376 ;
; ULAOp[0]   ; Resultado[4] ; 4.024 ; 4.024 ; 4.024 ; 4.024 ;
; ULAOp[0]   ; Resultado[5] ; 4.524 ; 4.524 ; 4.524 ; 4.524 ;
; ULAOp[0]   ; Resultado[6] ; 3.983 ; 3.983 ; 3.983 ; 3.983 ;
; ULAOp[0]   ; Resultado[7] ; 4.463 ; 4.463 ; 4.463 ; 4.463 ;
; ULAOp[0]   ; zero         ; 4.404 ;       ;       ; 4.404 ;
; ULAOp[1]   ; Resultado[0] ; 6.869 ; 6.869 ; 6.869 ; 6.869 ;
; ULAOp[1]   ; Resultado[1] ; 6.460 ; 6.460 ; 6.460 ; 6.460 ;
; ULAOp[1]   ; Resultado[2] ; 6.699 ; 6.699 ; 6.699 ; 6.699 ;
; ULAOp[1]   ; Resultado[3] ; 6.433 ; 6.433 ; 6.433 ; 6.433 ;
; ULAOp[1]   ; Resultado[4] ; 6.474 ; 6.474 ; 6.474 ; 6.474 ;
; ULAOp[1]   ; Resultado[5] ; 6.516 ; 6.516 ; 6.516 ; 6.516 ;
; ULAOp[1]   ; Resultado[6] ; 6.544 ; 6.544 ; 6.544 ; 6.544 ;
; ULAOp[1]   ; Resultado[7] ; 6.373 ; 6.373 ; 6.373 ; 6.373 ;
; ULAOp[1]   ; zero         ;       ; 6.480 ; 6.480 ;       ;
; ULAOp[2]   ; Resultado[0] ; 4.409 ; 4.409 ; 4.409 ; 4.409 ;
; ULAOp[2]   ; Resultado[1] ; 4.285 ; 4.285 ; 4.285 ; 4.285 ;
; ULAOp[2]   ; Resultado[2] ; 4.197 ; 4.197 ; 4.197 ; 4.197 ;
; ULAOp[2]   ; Resultado[3] ; 4.258 ; 4.258 ; 4.258 ; 4.258 ;
; ULAOp[2]   ; Resultado[4] ; 3.991 ; 3.991 ; 3.991 ; 3.991 ;
; ULAOp[2]   ; Resultado[5] ; 4.341 ; 4.341 ; 4.341 ; 4.341 ;
; ULAOp[2]   ; Resultado[6] ; 3.950 ; 3.950 ; 3.950 ; 3.950 ;
; ULAOp[2]   ; Resultado[7] ; 4.198 ; 4.198 ; 4.198 ; 4.198 ;
; ULAOp[2]   ; zero         ; 4.435 ;       ;       ; 4.435 ;
+------------+--------------+-------+-------+-------+-------+


+----------------------------------------------------------------------------+
; Multicorner Timing Analysis Summary                                        ;
+------------------+-------+------+----------+---------+---------------------+
; Clock            ; Setup ; Hold ; Recovery ; Removal ; Minimum Pulse Width ;
+------------------+-------+------+----------+---------+---------------------+
; Worst-case Slack ; N/A   ; N/A  ; N/A      ; N/A     ; N/A                 ;
; Design-wide TNS  ; 0.0   ; 0.0  ; 0.0      ; 0.0     ; 0.0                 ;
+------------------+-------+------+----------+---------+---------------------+


+---------------------------------------------------------------+
; Progagation Delay                                             ;
+------------+--------------+--------+--------+--------+--------+
; Input Port ; Output Port  ; RR     ; RF     ; FR     ; FF     ;
+------------+--------------+--------+--------+--------+--------+
; Dado1[0]   ; Resultado[0] ; 15.267 ; 15.267 ; 15.267 ; 15.267 ;
; Dado1[0]   ; Resultado[1] ; 18.986 ; 18.986 ; 18.986 ; 18.986 ;
; Dado1[0]   ; Resultado[2] ; 23.546 ; 23.546 ; 23.546 ; 23.546 ;
; Dado1[0]   ; Resultado[3] ; 27.773 ; 27.773 ; 27.773 ; 27.773 ;
; Dado1[0]   ; Resultado[4] ; 31.783 ; 31.783 ; 31.783 ; 31.783 ;
; Dado1[0]   ; Resultado[5] ; 35.978 ; 35.978 ; 35.978 ; 35.978 ;
; Dado1[0]   ; Resultado[6] ; 39.816 ; 39.816 ; 39.816 ; 39.816 ;
; Dado1[0]   ; Resultado[7] ; 44.071 ; 44.071 ; 44.071 ; 44.071 ;
; Dado1[0]   ; zero         ; 13.516 ; 13.451 ; 13.451 ; 13.516 ;
; Dado1[1]   ; Resultado[1] ; 14.546 ; 14.546 ; 14.546 ; 14.546 ;
; Dado1[1]   ; Resultado[2] ; 19.106 ; 19.106 ; 19.106 ; 19.106 ;
; Dado1[1]   ; Resultado[3] ; 23.333 ; 23.333 ; 23.333 ; 23.333 ;
; Dado1[1]   ; Resultado[4] ; 27.343 ; 27.343 ; 27.343 ; 27.343 ;
; Dado1[1]   ; Resultado[5] ; 31.538 ; 31.538 ; 31.538 ; 31.538 ;
; Dado1[1]   ; Resultado[6] ; 35.376 ; 35.376 ; 35.376 ; 35.376 ;
; Dado1[1]   ; Resultado[7] ; 39.631 ; 39.631 ; 39.631 ; 39.631 ;
; Dado1[1]   ; zero         ; 13.489 ; 13.424 ; 13.424 ; 13.489 ;
; Dado1[2]   ; Resultado[2] ; 14.037 ; 14.037 ; 14.037 ; 14.037 ;
; Dado1[2]   ; Resultado[3] ; 18.264 ; 18.264 ; 18.264 ; 18.264 ;
; Dado1[2]   ; Resultado[4] ; 22.274 ; 22.274 ; 22.274 ; 22.274 ;
; Dado1[2]   ; Resultado[5] ; 26.469 ; 26.469 ; 26.469 ; 26.469 ;
; Dado1[2]   ; Resultado[6] ; 30.307 ; 30.307 ; 30.307 ; 30.307 ;
; Dado1[2]   ; Resultado[7] ; 34.562 ; 34.562 ; 34.562 ; 34.562 ;
; Dado1[2]   ; zero         ; 13.227 ; 13.162 ; 13.162 ; 13.227 ;
; Dado1[3]   ; Resultado[3] ; 13.797 ; 13.797 ; 13.797 ; 13.797 ;
; Dado1[3]   ; Resultado[4] ; 17.807 ; 17.807 ; 17.807 ; 17.807 ;
; Dado1[3]   ; Resultado[5] ; 22.002 ; 22.002 ; 22.002 ; 22.002 ;
; Dado1[3]   ; Resultado[6] ; 25.840 ; 25.840 ; 25.840 ; 25.840 ;
; Dado1[3]   ; Resultado[7] ; 30.095 ; 30.095 ; 30.095 ; 30.095 ;
; Dado1[3]   ; zero         ; 12.680 ; 12.615 ; 12.615 ; 12.680 ;
; Dado1[4]   ; Resultado[4] ; 14.164 ; 14.164 ; 14.164 ; 14.164 ;
; Dado1[4]   ; Resultado[5] ; 18.359 ; 18.359 ; 18.359 ; 18.359 ;
; Dado1[4]   ; Resultado[6] ; 22.197 ; 22.197 ; 22.197 ; 22.197 ;
; Dado1[4]   ; Resultado[7] ; 26.452 ; 26.452 ; 26.452 ; 26.452 ;
; Dado1[4]   ; zero         ; 13.186 ; 13.121 ; 13.121 ; 13.186 ;
; Dado1[5]   ; Resultado[5] ; 15.137 ; 15.137 ; 15.137 ; 15.137 ;
; Dado1[5]   ; Resultado[6] ; 18.975 ; 18.975 ; 18.975 ; 18.975 ;
; Dado1[5]   ; Resultado[7] ; 23.230 ; 23.230 ; 23.230 ; 23.230 ;
; Dado1[5]   ; zero         ; 13.127 ; 13.062 ; 13.062 ; 13.127 ;
; Dado1[6]   ; Resultado[6] ; 14.847 ; 14.847 ; 14.847 ; 14.847 ;
; Dado1[6]   ; Resultado[7] ; 19.102 ; 19.102 ; 19.102 ; 19.102 ;
; Dado1[6]   ; zero         ; 13.445 ; 13.380 ; 13.380 ; 13.445 ;
; Dado1[7]   ; Resultado[7] ; 14.823 ; 14.823 ; 14.823 ; 14.823 ;
; Dado1[7]   ; zero         ; 13.026 ; 12.649 ; 12.649 ; 13.026 ;
; Dado2[0]   ; Resultado[0] ; 15.452 ; 15.452 ; 15.452 ; 15.452 ;
; Dado2[0]   ; Resultado[1] ; 19.171 ; 19.171 ; 19.171 ; 19.171 ;
; Dado2[0]   ; Resultado[2] ; 23.731 ; 23.731 ; 23.731 ; 23.731 ;
; Dado2[0]   ; Resultado[3] ; 27.958 ; 27.958 ; 27.958 ; 27.958 ;
; Dado2[0]   ; Resultado[4] ; 31.968 ; 31.968 ; 31.968 ; 31.968 ;
; Dado2[0]   ; Resultado[5] ; 36.163 ; 36.163 ; 36.163 ; 36.163 ;
; Dado2[0]   ; Resultado[6] ; 40.001 ; 40.001 ; 40.001 ; 40.001 ;
; Dado2[0]   ; Resultado[7] ; 44.256 ; 44.256 ; 44.256 ; 44.256 ;
; Dado2[0]   ; zero         ; 13.242 ; 13.307 ; 13.307 ; 13.242 ;
; Dado2[1]   ; Resultado[1] ; 14.224 ; 14.224 ; 14.224 ; 14.224 ;
; Dado2[1]   ; Resultado[2] ; 18.784 ; 18.784 ; 18.784 ; 18.784 ;
; Dado2[1]   ; Resultado[3] ; 23.011 ; 23.011 ; 23.011 ; 23.011 ;
; Dado2[1]   ; Resultado[4] ; 27.021 ; 27.021 ; 27.021 ; 27.021 ;
; Dado2[1]   ; Resultado[5] ; 31.216 ; 31.216 ; 31.216 ; 31.216 ;
; Dado2[1]   ; Resultado[6] ; 35.054 ; 35.054 ; 35.054 ; 35.054 ;
; Dado2[1]   ; Resultado[7] ; 39.309 ; 39.309 ; 39.309 ; 39.309 ;
; Dado2[1]   ; zero         ; 13.172 ; 13.237 ; 13.237 ; 13.172 ;
; Dado2[2]   ; Resultado[2] ; 14.625 ; 14.625 ; 14.625 ; 14.625 ;
; Dado2[2]   ; Resultado[3] ; 18.852 ; 18.852 ; 18.852 ; 18.852 ;
; Dado2[2]   ; Resultado[4] ; 22.862 ; 22.862 ; 22.862 ; 22.862 ;
; Dado2[2]   ; Resultado[5] ; 27.057 ; 27.057 ; 27.057 ; 27.057 ;
; Dado2[2]   ; Resultado[6] ; 30.895 ; 30.895 ; 30.895 ; 30.895 ;
; Dado2[2]   ; Resultado[7] ; 35.150 ; 35.150 ; 35.150 ; 35.150 ;
; Dado2[2]   ; zero         ; 12.816 ; 12.881 ; 12.881 ; 12.816 ;
; Dado2[3]   ; Resultado[3] ; 14.319 ; 14.319 ; 14.319 ; 14.319 ;
; Dado2[3]   ; Resultado[4] ; 18.329 ; 18.329 ; 18.329 ; 18.329 ;
; Dado2[3]   ; Resultado[5] ; 22.524 ; 22.524 ; 22.524 ; 22.524 ;
; Dado2[3]   ; Resultado[6] ; 26.362 ; 26.362 ; 26.362 ; 26.362 ;
; Dado2[3]   ; Resultado[7] ; 30.617 ; 30.617 ; 30.617 ; 30.617 ;
; Dado2[3]   ; zero         ; 13.261 ; 13.326 ; 13.326 ; 13.261 ;
; Dado2[4]   ; Resultado[4] ; 14.347 ; 14.347 ; 14.347 ; 14.347 ;
; Dado2[4]   ; Resultado[5] ; 18.542 ; 18.542 ; 18.542 ; 18.542 ;
; Dado2[4]   ; Resultado[6] ; 22.380 ; 22.380 ; 22.380 ; 22.380 ;
; Dado2[4]   ; Resultado[7] ; 26.635 ; 26.635 ; 26.635 ; 26.635 ;
; Dado2[4]   ; zero         ; 12.941 ; 13.006 ; 13.006 ; 12.941 ;
; Dado2[5]   ; Resultado[5] ; 15.194 ; 15.194 ; 15.194 ; 15.194 ;
; Dado2[5]   ; Resultado[6] ; 19.032 ; 19.032 ; 19.032 ; 19.032 ;
; Dado2[5]   ; Resultado[7] ; 23.287 ; 23.287 ; 23.287 ; 23.287 ;
; Dado2[5]   ; zero         ; 12.751 ; 12.816 ; 12.816 ; 12.751 ;
; Dado2[6]   ; Resultado[6] ; 14.576 ; 14.576 ; 14.576 ; 14.576 ;
; Dado2[6]   ; Resultado[7] ; 18.831 ; 18.831 ; 18.831 ; 18.831 ;
; Dado2[6]   ; zero         ; 12.788 ; 12.853 ; 12.853 ; 12.788 ;
; Dado2[7]   ; Resultado[7] ; 14.904 ; 14.904 ; 14.904 ; 14.904 ;
; Dado2[7]   ; zero         ; 12.374 ; 12.754 ; 12.754 ; 12.374 ;
; ULAOp[0]   ; Resultado[0] ; 9.367  ; 9.367  ; 9.367  ; 9.367  ;
; ULAOp[0]   ; Resultado[1] ; 13.086 ; 13.086 ; 13.086 ; 13.086 ;
; ULAOp[0]   ; Resultado[2] ; 17.646 ; 17.646 ; 17.646 ; 17.646 ;
; ULAOp[0]   ; Resultado[3] ; 21.873 ; 21.873 ; 21.873 ; 21.873 ;
; ULAOp[0]   ; Resultado[4] ; 25.883 ; 25.883 ; 25.883 ; 25.883 ;
; ULAOp[0]   ; Resultado[5] ; 30.078 ; 30.078 ; 30.078 ; 30.078 ;
; ULAOp[0]   ; Resultado[6] ; 33.916 ; 33.916 ; 33.916 ; 33.916 ;
; ULAOp[0]   ; Resultado[7] ; 38.171 ; 38.171 ; 38.171 ; 38.171 ;
; ULAOp[0]   ; zero         ; 8.603  ;        ;        ; 8.603  ;
; ULAOp[1]   ; Resultado[0] ; 12.800 ; 12.800 ; 12.800 ; 12.800 ;
; ULAOp[1]   ; Resultado[1] ; 16.519 ; 16.519 ; 16.519 ; 16.519 ;
; ULAOp[1]   ; Resultado[2] ; 21.079 ; 21.079 ; 21.079 ; 21.079 ;
; ULAOp[1]   ; Resultado[3] ; 25.306 ; 25.306 ; 25.306 ; 25.306 ;
; ULAOp[1]   ; Resultado[4] ; 29.316 ; 29.316 ; 29.316 ; 29.316 ;
; ULAOp[1]   ; Resultado[5] ; 33.511 ; 33.511 ; 33.511 ; 33.511 ;
; ULAOp[1]   ; Resultado[6] ; 37.349 ; 37.349 ; 37.349 ; 37.349 ;
; ULAOp[1]   ; Resultado[7] ; 41.604 ; 41.604 ; 41.604 ; 41.604 ;
; ULAOp[1]   ; zero         ;        ; 11.911 ; 11.911 ;        ;
; ULAOp[2]   ; Resultado[0] ; 9.230  ; 9.230  ; 9.230  ; 9.230  ;
; ULAOp[2]   ; Resultado[1] ; 12.949 ; 12.949 ; 12.949 ; 12.949 ;
; ULAOp[2]   ; Resultado[2] ; 17.509 ; 17.509 ; 17.509 ; 17.509 ;
; ULAOp[2]   ; Resultado[3] ; 21.736 ; 21.736 ; 21.736 ; 21.736 ;
; ULAOp[2]   ; Resultado[4] ; 25.746 ; 25.746 ; 25.746 ; 25.746 ;
; ULAOp[2]   ; Resultado[5] ; 29.941 ; 29.941 ; 29.941 ; 29.941 ;
; ULAOp[2]   ; Resultado[6] ; 33.779 ; 33.779 ; 33.779 ; 33.779 ;
; ULAOp[2]   ; Resultado[7] ; 38.034 ; 38.034 ; 38.034 ; 38.034 ;
; ULAOp[2]   ; zero         ; 8.595  ;        ;        ; 8.595  ;
+------------+--------------+--------+--------+--------+--------+


+-----------------------------------------------------------+
; Minimum Progagation Delay                                 ;
+------------+--------------+-------+-------+-------+-------+
; Input Port ; Output Port  ; RR    ; RF    ; FR    ; FF    ;
+------------+--------------+-------+-------+-------+-------+
; Dado1[0]   ; Resultado[0] ; 6.380 ; 6.380 ; 6.380 ; 6.380 ;
; Dado1[0]   ; Resultado[1] ; 6.537 ; 6.537 ; 6.537 ; 6.537 ;
; Dado1[0]   ; Resultado[2] ; 6.549 ; 6.549 ; 6.549 ; 6.549 ;
; Dado1[0]   ; Resultado[3] ; 6.498 ; 6.498 ; 6.498 ; 6.498 ;
; Dado1[0]   ; Resultado[4] ; 6.653 ; 6.653 ; 6.653 ; 6.653 ;
; Dado1[0]   ; Resultado[5] ; 7.026 ; 7.026 ; 7.026 ; 7.026 ;
; Dado1[0]   ; Resultado[6] ; 6.804 ; 6.804 ; 6.804 ; 6.804 ;
; Dado1[0]   ; Resultado[7] ; 6.900 ; 6.900 ; 6.900 ; 6.900 ;
; Dado1[0]   ; zero         ; 6.745 ; 6.745 ; 6.745 ; 6.745 ;
; Dado1[1]   ; Resultado[1] ; 6.461 ; 6.461 ; 6.461 ; 6.461 ;
; Dado1[1]   ; Resultado[2] ; 6.578 ; 6.578 ; 6.578 ; 6.578 ;
; Dado1[1]   ; Resultado[3] ; 6.527 ; 6.527 ; 6.527 ; 6.527 ;
; Dado1[1]   ; Resultado[4] ; 6.682 ; 6.682 ; 6.682 ; 6.682 ;
; Dado1[1]   ; Resultado[5] ; 7.055 ; 7.055 ; 7.055 ; 7.055 ;
; Dado1[1]   ; Resultado[6] ; 6.833 ; 6.833 ; 6.833 ; 6.833 ;
; Dado1[1]   ; Resultado[7] ; 6.929 ; 6.929 ; 6.929 ; 6.929 ;
; Dado1[1]   ; zero         ; 6.621 ; 6.621 ; 6.621 ; 6.621 ;
; Dado1[2]   ; Resultado[2] ; 6.268 ; 6.268 ; 6.268 ; 6.268 ;
; Dado1[2]   ; Resultado[3] ; 6.320 ; 6.320 ; 6.320 ; 6.320 ;
; Dado1[2]   ; Resultado[4] ; 6.475 ; 6.475 ; 6.475 ; 6.475 ;
; Dado1[2]   ; Resultado[5] ; 6.848 ; 6.848 ; 6.848 ; 6.848 ;
; Dado1[2]   ; Resultado[6] ; 6.626 ; 6.626 ; 6.626 ; 6.626 ;
; Dado1[2]   ; Resultado[7] ; 6.722 ; 6.722 ; 6.722 ; 6.722 ;
; Dado1[2]   ; zero         ; 6.544 ; 6.544 ; 6.544 ; 6.544 ;
; Dado1[3]   ; Resultado[3] ; 6.026 ; 6.026 ; 6.026 ; 6.026 ;
; Dado1[3]   ; Resultado[4] ; 6.284 ; 6.284 ; 6.284 ; 6.284 ;
; Dado1[3]   ; Resultado[5] ; 6.657 ; 6.657 ; 6.657 ; 6.657 ;
; Dado1[3]   ; Resultado[6] ; 6.435 ; 6.435 ; 6.435 ; 6.435 ;
; Dado1[3]   ; Resultado[7] ; 6.531 ; 6.531 ; 6.531 ; 6.531 ;
; Dado1[3]   ; zero         ; 6.324 ; 6.324 ; 6.324 ; 6.324 ;
; Dado1[4]   ; Resultado[4] ; 6.334 ; 6.334 ; 6.334 ; 6.334 ;
; Dado1[4]   ; Resultado[5] ; 6.812 ; 6.812 ; 6.812 ; 6.812 ;
; Dado1[4]   ; Resultado[6] ; 6.590 ; 6.590 ; 6.590 ; 6.590 ;
; Dado1[4]   ; Resultado[7] ; 6.686 ; 6.686 ; 6.686 ; 6.686 ;
; Dado1[4]   ; zero         ; 6.544 ; 6.544 ; 6.544 ; 6.544 ;
; Dado1[5]   ; Resultado[5] ; 6.712 ; 6.712 ; 6.712 ; 6.712 ;
; Dado1[5]   ; Resultado[6] ; 6.593 ; 6.593 ; 6.593 ; 6.593 ;
; Dado1[5]   ; Resultado[7] ; 6.689 ; 6.689 ; 6.689 ; 6.689 ;
; Dado1[5]   ; zero         ; 6.694 ; 6.694 ; 6.694 ; 6.694 ;
; Dado1[6]   ; Resultado[6] ; 6.678 ; 6.678 ; 6.678 ; 6.678 ;
; Dado1[6]   ; Resultado[7] ; 6.879 ; 6.879 ; 6.879 ; 6.879 ;
; Dado1[6]   ; zero         ; 6.836 ; 6.836 ; 6.836 ; 6.836 ;
; Dado1[7]   ; Resultado[7] ; 6.589 ; 6.589 ; 6.589 ; 6.589 ;
; Dado1[7]   ; zero         ; 6.829 ; 6.829 ; 6.829 ; 6.829 ;
; Dado2[0]   ; Resultado[0] ; 5.973 ; 6.302 ; 6.302 ; 5.973 ;
; Dado2[0]   ; Resultado[1] ; 6.455 ; 6.455 ; 6.455 ; 6.455 ;
; Dado2[0]   ; Resultado[2] ; 6.467 ; 6.467 ; 6.467 ; 6.467 ;
; Dado2[0]   ; Resultado[3] ; 6.416 ; 6.416 ; 6.416 ; 6.416 ;
; Dado2[0]   ; Resultado[4] ; 6.571 ; 6.571 ; 6.571 ; 6.571 ;
; Dado2[0]   ; Resultado[5] ; 6.725 ; 6.725 ; 6.725 ; 6.725 ;
; Dado2[0]   ; Resultado[6] ; 6.722 ; 6.722 ; 6.722 ; 6.722 ;
; Dado2[0]   ; Resultado[7] ; 6.719 ; 6.719 ; 6.719 ; 6.719 ;
; Dado2[0]   ; zero         ; 6.662 ; 6.662 ; 6.662 ; 6.662 ;
; Dado2[1]   ; Resultado[1] ; 5.981 ; 5.981 ; 5.981 ; 5.981 ;
; Dado2[1]   ; Resultado[2] ; 6.289 ; 6.289 ; 6.289 ; 6.289 ;
; Dado2[1]   ; Resultado[3] ; 6.238 ; 6.238 ; 6.238 ; 6.238 ;
; Dado2[1]   ; Resultado[4] ; 6.393 ; 6.393 ; 6.393 ; 6.393 ;
; Dado2[1]   ; Resultado[5] ; 6.627 ; 6.627 ; 6.627 ; 6.627 ;
; Dado2[1]   ; Resultado[6] ; 6.544 ; 6.544 ; 6.544 ; 6.544 ;
; Dado2[1]   ; Resultado[7] ; 6.621 ; 6.621 ; 6.621 ; 6.621 ;
; Dado2[1]   ; zero         ; 6.531 ; 6.531 ; 6.531 ; 6.531 ;
; Dado2[2]   ; Resultado[2] ; 5.951 ; 6.230 ; 6.230 ; 5.951 ;
; Dado2[2]   ; Resultado[3] ; 6.284 ; 6.284 ; 6.284 ; 6.284 ;
; Dado2[2]   ; Resultado[4] ; 6.439 ; 6.439 ; 6.439 ; 6.439 ;
; Dado2[2]   ; Resultado[5] ; 6.688 ; 6.688 ; 6.688 ; 6.688 ;
; Dado2[2]   ; Resultado[6] ; 6.590 ; 6.590 ; 6.590 ; 6.590 ;
; Dado2[2]   ; Resultado[7] ; 6.682 ; 6.682 ; 6.682 ; 6.682 ;
; Dado2[2]   ; zero         ; 6.372 ; 6.372 ; 6.372 ; 6.372 ;
; Dado2[3]   ; Resultado[3] ; 6.043 ; 6.043 ; 6.043 ; 6.043 ;
; Dado2[3]   ; Resultado[4] ; 6.488 ; 6.488 ; 6.488 ; 6.488 ;
; Dado2[3]   ; Resultado[5] ; 6.789 ; 6.789 ; 6.789 ; 6.789 ;
; Dado2[3]   ; Resultado[6] ; 6.639 ; 6.639 ; 6.639 ; 6.639 ;
; Dado2[3]   ; Resultado[7] ; 6.735 ; 6.735 ; 6.735 ; 6.735 ;
; Dado2[3]   ; zero         ; 6.624 ; 6.624 ; 6.624 ; 6.624 ;
; Dado2[4]   ; Resultado[4] ; 5.786 ; 6.326 ; 6.326 ; 5.786 ;
; Dado2[4]   ; Resultado[5] ; 6.776 ; 6.776 ; 6.776 ; 6.776 ;
; Dado2[4]   ; Resultado[6] ; 6.580 ; 6.580 ; 6.580 ; 6.580 ;
; Dado2[4]   ; Resultado[7] ; 6.676 ; 6.676 ; 6.676 ; 6.676 ;
; Dado2[4]   ; zero         ; 6.448 ; 6.448 ; 6.448 ; 6.448 ;
; Dado2[5]   ; Resultado[5] ; 6.344 ; 6.344 ; 6.344 ; 6.344 ;
; Dado2[5]   ; Resultado[6] ; 6.601 ; 6.601 ; 6.601 ; 6.601 ;
; Dado2[5]   ; Resultado[7] ; 6.662 ; 6.662 ; 6.662 ; 6.662 ;
; Dado2[5]   ; zero         ; 6.537 ; 6.537 ; 6.537 ; 6.537 ;
; Dado2[6]   ; Resultado[6] ; 5.975 ; 6.458 ; 6.458 ; 5.975 ;
; Dado2[6]   ; Resultado[7] ; 6.657 ; 6.657 ; 6.657 ; 6.657 ;
; Dado2[6]   ; zero         ; 6.551 ; 6.551 ; 6.551 ; 6.551 ;
; Dado2[7]   ; Resultado[7] ; 6.393 ; 6.393 ; 6.393 ; 6.393 ;
; Dado2[7]   ; zero         ; 6.670 ; 6.670 ; 6.670 ; 6.670 ;
; ULAOp[0]   ; Resultado[0] ; 4.442 ; 4.442 ; 4.442 ; 4.442 ;
; ULAOp[0]   ; Resultado[1] ; 4.537 ; 4.537 ; 4.537 ; 4.537 ;
; ULAOp[0]   ; Resultado[2] ; 4.230 ; 4.230 ; 4.230 ; 4.230 ;
; ULAOp[0]   ; Resultado[3] ; 4.376 ; 4.376 ; 4.376 ; 4.376 ;
; ULAOp[0]   ; Resultado[4] ; 4.024 ; 4.024 ; 4.024 ; 4.024 ;
; ULAOp[0]   ; Resultado[5] ; 4.524 ; 4.524 ; 4.524 ; 4.524 ;
; ULAOp[0]   ; Resultado[6] ; 3.983 ; 3.983 ; 3.983 ; 3.983 ;
; ULAOp[0]   ; Resultado[7] ; 4.463 ; 4.463 ; 4.463 ; 4.463 ;
; ULAOp[0]   ; zero         ; 4.404 ;       ;       ; 4.404 ;
; ULAOp[1]   ; Resultado[0] ; 6.869 ; 6.869 ; 6.869 ; 6.869 ;
; ULAOp[1]   ; Resultado[1] ; 6.460 ; 6.460 ; 6.460 ; 6.460 ;
; ULAOp[1]   ; Resultado[2] ; 6.699 ; 6.699 ; 6.699 ; 6.699 ;
; ULAOp[1]   ; Resultado[3] ; 6.433 ; 6.433 ; 6.433 ; 6.433 ;
; ULAOp[1]   ; Resultado[4] ; 6.474 ; 6.474 ; 6.474 ; 6.474 ;
; ULAOp[1]   ; Resultado[5] ; 6.516 ; 6.516 ; 6.516 ; 6.516 ;
; ULAOp[1]   ; Resultado[6] ; 6.544 ; 6.544 ; 6.544 ; 6.544 ;
; ULAOp[1]   ; Resultado[7] ; 6.373 ; 6.373 ; 6.373 ; 6.373 ;
; ULAOp[1]   ; zero         ;       ; 6.480 ; 6.480 ;       ;
; ULAOp[2]   ; Resultado[0] ; 4.409 ; 4.409 ; 4.409 ; 4.409 ;
; ULAOp[2]   ; Resultado[1] ; 4.285 ; 4.285 ; 4.285 ; 4.285 ;
; ULAOp[2]   ; Resultado[2] ; 4.197 ; 4.197 ; 4.197 ; 4.197 ;
; ULAOp[2]   ; Resultado[3] ; 4.258 ; 4.258 ; 4.258 ; 4.258 ;
; ULAOp[2]   ; Resultado[4] ; 3.991 ; 3.991 ; 3.991 ; 3.991 ;
; ULAOp[2]   ; Resultado[5] ; 4.341 ; 4.341 ; 4.341 ; 4.341 ;
; ULAOp[2]   ; Resultado[6] ; 3.950 ; 3.950 ; 3.950 ; 3.950 ;
; ULAOp[2]   ; Resultado[7] ; 4.198 ; 4.198 ; 4.198 ; 4.198 ;
; ULAOp[2]   ; zero         ; 4.435 ;       ;       ; 4.435 ;
+------------+--------------+-------+-------+-------+-------+


-------------------
; Clock Transfers ;
-------------------
Nothing to report.


---------------
; Report TCCS ;
---------------
No dedicated SERDES Transmitter circuitry present in device or used in design


---------------
; Report RSKM ;
---------------
No dedicated SERDES Receiver circuitry present in device or used in design


+------------------------------------------------+
; Unconstrained Paths                            ;
+---------------------------------+-------+------+
; Property                        ; Setup ; Hold ;
+---------------------------------+-------+------+
; Illegal Clocks                  ; 0     ; 0    ;
; Unconstrained Clocks            ; 0     ; 0    ;
; Unconstrained Input Ports       ; 19    ; 19   ;
; Unconstrained Input Port Paths  ; 115   ; 115  ;
; Unconstrained Output Ports      ; 9     ; 9    ;
; Unconstrained Output Port Paths ; 115   ; 115  ;
+---------------------------------+-------+------+


+------------------------------------+
; TimeQuest Timing Analyzer Messages ;
+------------------------------------+
Info: *******************************************************************
Info: Running Quartus II 64-Bit TimeQuest Timing Analyzer
    Info: Version 13.0.1 Build 232 06/12/2013 Service Pack 1 SJ Web Edition
    Info: Processing started: Mon Aug 23 16:56:50 2021
Info: Command: quartus_sta ula -c ula
Info: qsta_default_script.tcl version: #1
Warning (20028): Parallel compilation is not licensed and has been disabled
Info (21077): Low junction temperature is 0 degrees C
Info (21077): High junction temperature is 85 degrees C
Critical Warning (332012): Synopsys Design Constraints File file not found: 'ula.sdc'. A Synopsys Design Constraints File is required by the TimeQuest Timing Analyzer to get proper timing constraints. Without it, the Compiler will not properly optimize the design.
Info (332142): No user constrained base clocks found in the design. Calling "derive_clocks -period 1.0"
Info (332096): The command derive_clocks did not find any clocks to derive.  No clocks were created or changed.
Warning (332125): Found combinational loop of 6 nodes
    Warning (332126): Node "Mult1|auto_generated|mac_out2|dataa[9]"
    Warning (332126): Node "Mult1|auto_generated|mac_out2|dataout[9]"
    Warning (332126): Node "Resultado~32|datac"
    Warning (332126): Node "Resultado~32|combout"
    Warning (332126): Node "Mult1|auto_generated|mac_mult1|dataa[8]"
    Warning (332126): Node "Mult1|auto_generated|mac_mult1|dataout[9]"
Warning (332125): Found combinational loop of 8 nodes
    Warning (332126): Node "Mult1|auto_generated|mac_out2|dataa[8]"
    Warning (332126): Node "Mult1|auto_generated|mac_out2|dataout[8]"
    Warning (332126): Node "Resultado~29|datad"
    Warning (332126): Node "Resultado~29|combout"
    Warning (332126): Node "Resultado~30|datab"
    Warning (332126): Node "Resultado~30|combout"
    Warning (332126): Node "Mult1|auto_generated|mac_mult1|dataa[7]"
    Warning (332126): Node "Mult1|auto_generated|mac_mult1|dataout[8]"
Warning (332125): Found combinational loop of 6 nodes
    Warning (332126): Node "Mult1|auto_generated|mac_out2|dataa[7]"
    Warning (332126): Node "Mult1|auto_generated|mac_out2|dataout[7]"
    Warning (332126): Node "Resultado~28|datad"
    Warning (332126): Node "Resultado~28|combout"
    Warning (332126): Node "Mult1|auto_generated|mac_mult1|dataa[6]"
    Warning (332126): Node "Mult1|auto_generated|mac_mult1|dataout[7]"
Warning (332125): Found combinational loop of 8 nodes
    Warning (332126): Node "Mult1|auto_generated|mac_out2|dataa[6]"
    Warning (332126): Node "Mult1|auto_generated|mac_out2|dataout[6]"
    Warning (332126): Node "Resultado~25|datac"
    Warning (332126): Node "Resultado~25|combout"
    Warning (332126): Node "Resultado~26|dataa"
    Warning (332126): Node "Resultado~26|combout"
    Warning (332126): Node "Mult1|auto_generated|mac_mult1|dataa[5]"
    Warning (332126): Node "Mult1|auto_generated|mac_mult1|dataout[6]"
Warning (332125): Found combinational loop of 6 nodes
    Warning (332126): Node "Mult1|auto_generated|mac_out2|dataa[5]"
    Warning (332126): Node "Mult1|auto_generated|mac_out2|dataout[5]"
    Warning (332126): Node "Resultado~24|dataa"
    Warning (332126): Node "Resultado~24|combout"
    Warning (332126): Node "Mult1|auto_generated|mac_mult1|dataa[4]"
    Warning (332126): Node "Mult1|auto_generated|mac_mult1|dataout[5]"
Warning (332125): Found combinational loop of 8 nodes
    Warning (332126): Node "Mult1|auto_generated|mac_out2|dataa[4]"
    Warning (332126): Node "Mult1|auto_generated|mac_out2|dataout[4]"
    Warning (332126): Node "Resultado~21|dataa"
    Warning (332126): Node "Resultado~21|combout"
    Warning (332126): Node "Resultado~22|datad"
    Warning (332126): Node "Resultado~22|combout"
    Warning (332126): Node "Mult1|auto_generated|mac_mult1|dataa[3]"
    Warning (332126): Node "Mult1|auto_generated|mac_mult1|dataout[4]"
Warning (332125): Found combinational loop of 6 nodes
    Warning (332126): Node "Mult1|auto_generated|mac_out2|dataa[3]"
    Warning (332126): Node "Mult1|auto_generated|mac_out2|dataout[3]"
    Warning (332126): Node "Resultado~20|datad"
    Warning (332126): Node "Resultado~20|combout"
    Warning (332126): Node "Mult1|auto_generated|mac_mult1|dataa[2]"
    Warning (332126): Node "Mult1|auto_generated|mac_mult1|dataout[3]"
Warning (332125): Found combinational loop of 8 nodes
    Warning (332126): Node "Mult1|auto_generated|mac_out2|dataa[2]"
    Warning (332126): Node "Mult1|auto_generated|mac_out2|dataout[2]"
    Warning (332126): Node "Resultado~17|datad"
    Warning (332126): Node "Resultado~17|combout"
    Warning (332126): Node "Resultado~18|datab"
    Warning (332126): Node "Resultado~18|combout"
    Warning (332126): Node "Mult1|auto_generated|mac_mult1|dataa[1]"
    Warning (332126): Node "Mult1|auto_generated|mac_mult1|dataout[2]"
Warning (332068): No clocks defined in design.
Info: Found TIMEQUEST_REPORT_SCRIPT_INCLUDE_DEFAULT_ANALYSIS = ON
Info (332159): No clocks to report
Info: Analyzing Slow Model
Info (332140): No fmax paths to report
Info (332140): No Setup paths to report
Info (332140): No Hold paths to report
Info (332140): No Recovery paths to report
Info (332140): No Removal paths to report
Info (332140): No Minimum Pulse Width paths to report
Info (332001): The selected device family is not supported by the report_metastability command.
Info: Analyzing Fast Model
Info (332142): No user constrained base clocks found in the design. Calling "derive_clocks -period 1.0"
Info (332096): The command derive_clocks did not find any clocks to derive.  No clocks were created or changed.
Warning (332068): No clocks defined in design.
Info (332140): No Setup paths to report
Info (332140): No Hold paths to report
Info (332140): No Recovery paths to report
Info (332140): No Removal paths to report
Info (332140): No Minimum Pulse Width paths to report
Info (332001): The selected device family is not supported by the report_metastability command.
Info (332102): Design is not fully constrained for setup requirements
Info (332102): Design is not fully constrained for hold requirements
Info: Quartus II 64-Bit TimeQuest Timing Analyzer was successful. 0 errors, 68 warnings
    Info: Peak virtual memory: 4535 megabytes
    Info: Processing ended: Mon Aug 23 16:56:51 2021
    Info: Elapsed time: 00:00:01
    Info: Total CPU time (on all processors): 00:00:01


